<!DOCTYPE html>

<html>
  <head>
  <meta charset='utf-8'>
  <title>TestNG reports</title>

    <link type="text/css" href="testng-reports1.css" rel="stylesheet" id="ultra" />
    <link type="text/css" href="testng-reports.css" rel="stylesheet" id="retro" disabled="false"/>
    <script type="text/javascript" src="jquery.min.js"></script>
    <script type="text/javascript" src="testng-reports.js"></script>
    <script type="text/javascript" src="https://www.google.com/jsapi"></script>
    <script type='text/javascript'>
      google.load('visualization', '1', {packages:['table']});
      google.setOnLoadCallback(drawTable);
      var suiteTableInitFunctions = new Array();
      var suiteTableData = new Array();
    </script>
    <!--
      <script type="text/javascript" src="jquery-ui/js/jquery-ui-1.8.16.custom.min.js"></script>
     -->
  </head>

  <body>
    <div class="top-banner-root">
      <span class="top-banner-title-font">Test results</span>
      <button id="button" class="button">Switch Retro Theme</button> <!-- button -->
      <br/>
      <span class="top-banner-font-1">1 suite, 3 failed tests</span>
    </div> <!-- top-banner-root -->
    <div class="navigator-root">
      <div class="navigator-suite-header">
        <span>All suites</span>
        <a href="#" title="Collapse/expand all the suites" class="collapse-all-link">
          <img src="collapseall.gif" class="collapse-all-icon">
          </img> <!-- collapse-all-icon -->
        </a> <!-- collapse-all-link -->
      </div> <!-- navigator-suite-header -->
      <div class="suite">
        <div class="rounded-window">
          <div class="suite-header light-rounded-window-top">
            <a href="#" panel-name="suite-CodeCademy_Suite" class="navigator-link">
              <span class="suite-name border-failed">CodeCademy Suite</span>
            </a> <!-- navigator-link -->
          </div> <!-- suite-header light-rounded-window-top -->
          <div class="navigator-suite-content">
            <div class="suite-section-title">
              <span>Info</span>
            </div> <!-- suite-section-title -->
            <div class="suite-section-content">
              <ul>
                <li>
                  <a href="#" panel-name="test-xml-CodeCademy_Suite" class="navigator-link ">
                    <span>C:\Users\Akshay Shelke\git\CodeCademyAutomation\Codecademy_Automation\testng.xml</span>
                  </a> <!-- navigator-link  -->
                </li>
                <li>
                  <a href="#" panel-name="testlist-CodeCademy_Suite" class="navigator-link ">
                    <span class="test-stats">2 tests</span>
                  </a> <!-- navigator-link  -->
                </li>
                <li>
                  <a href="#" panel-name="group-CodeCademy_Suite" class="navigator-link ">
                    <span>0 groups</span>
                  </a> <!-- navigator-link  -->
                </li>
                <li>
                  <a href="#" panel-name="times-CodeCademy_Suite" class="navigator-link ">
                    <span>Times</span>
                  </a> <!-- navigator-link  -->
                </li>
                <li>
                  <a href="#" panel-name="reporter-CodeCademy_Suite" class="navigator-link ">
                    <span>Reporter output</span>
                  </a> <!-- navigator-link  -->
                </li>
                <li>
                  <a href="#" panel-name="ignored-methods-CodeCademy_Suite" class="navigator-link ">
                    <span>Ignored methods</span>
                  </a> <!-- navigator-link  -->
                </li>
                <li>
                  <a href="#" panel-name="chronological-CodeCademy_Suite" class="navigator-link ">
                    <span>Chronological view</span>
                  </a> <!-- navigator-link  -->
                </li>
              </ul>
            </div> <!-- suite-section-content -->
            <div class="result-section">
              <div class="suite-section-title">
                <span>Results</span>
              </div> <!-- suite-section-title -->
              <div class="suite-section-content">
                <ul>
                  <li>
                    <span class="method-stats">8 methods, 3 failed,   5 passed</span>
                  </li>
                  <li>
                    <span class="method-list-title failed">Failed methods</span>
                    <span class="show-or-hide-methods failed">
                      <a href="#" panel-name="suite-CodeCademy_Suite" class="hide-methods failed suite-CodeCademy_Suite"> (hide)</a> <!-- hide-methods failed suite-CodeCademy_Suite -->
                      <a href="#" panel-name="suite-CodeCademy_Suite" class="show-methods failed suite-CodeCademy_Suite"> (show)</a> <!-- show-methods failed suite-CodeCademy_Suite -->
                    </span>
                    <div class="method-list-content failed suite-CodeCademy_Suite">
                      <span>
                        <img src="failed.png" width="3%"/>
                        <a href="#" panel-name="suite-CodeCademy_Suite" title="testPack.TNGVerifyLoginAndMyGoalSettingFunctionality" class="method navigator-link" hash-for-method="verifyMyGoalSetting">verifyMyGoalSetting</a> <!-- method navigator-link -->
                      </span>
                      <br/>
                      <span>
                        <img src="failed.png" width="3%"/>
                        <a href="#" panel-name="suite-CodeCademy_Suite" title="testPack.TNGVerifyAddWorkSpaceAndSearchFunction" class="method navigator-link" hash-for-method="verifySearchFunction">verifySearchFunction</a> <!-- method navigator-link -->
                      </span>
                      <br/>
                      <span>
                        <img src="failed.png" width="3%"/>
                        <a href="#" panel-name="suite-CodeCademy_Suite" title="testPack.TNGVerifyAddWorkSpaceAndSearchFunction" class="method navigator-link" hash-for-method="verifySearchFunction">verifySearchFunction</a> <!-- method navigator-link -->
                      </span>
                      <br/>
                    </div> <!-- method-list-content failed suite-CodeCademy_Suite -->
                  </li>
                  <li>
                    <span class="method-list-title passed">Passed methods</span>
                    <span class="show-or-hide-methods passed">
                      <a href="#" panel-name="suite-CodeCademy_Suite" class="hide-methods passed suite-CodeCademy_Suite"> (hide)</a> <!-- hide-methods passed suite-CodeCademy_Suite -->
                      <a href="#" panel-name="suite-CodeCademy_Suite" class="show-methods passed suite-CodeCademy_Suite"> (show)</a> <!-- show-methods passed suite-CodeCademy_Suite -->
                    </span>
                    <div class="method-list-content passed suite-CodeCademy_Suite">
                      <span>
                        <img src="passed.png" width="3%"/>
                        <a href="#" panel-name="suite-CodeCademy_Suite" title="testPack.TNGVerifyAddWorkSpaceAndSearchFunction" class="method navigator-link" hash-for-method="verifyAddWorkspace">verifyAddWorkspace</a> <!-- method navigator-link -->
                      </span>
                      <br/>
                      <span>
                        <img src="passed.png" width="3%"/>
                        <a href="#" panel-name="suite-CodeCademy_Suite" title="testPack.TNGVerifyAddWorkSpaceAndSearchFunction" class="method navigator-link" hash-for-method="verifyAddWorkspace">verifyAddWorkspace</a> <!-- method navigator-link -->
                      </span>
                      <br/>
                      <span>
                        <img src="passed.png" width="3%"/>
                        <a href="#" panel-name="suite-CodeCademy_Suite" title="testPack.TNGVerifyLoginAndMyGoalSettingFunctionality" class="method navigator-link" hash-for-method="verifyLogin">verifyLogin</a> <!-- method navigator-link -->
                      </span>
                      <br/>
                      <span>
                        <img src="passed.png" width="3%"/>
                        <a href="#" panel-name="suite-CodeCademy_Suite" title="testPack.TNGVerifyLoginAndMyGoalSettingFunctionality" class="method navigator-link" hash-for-method="verifyLogin">verifyLogin</a> <!-- method navigator-link -->
                      </span>
                      <br/>
                      <span>
                        <img src="passed.png" width="3%"/>
                        <a href="#" panel-name="suite-CodeCademy_Suite" title="testPack.TNGVerifyLoginAndMyGoalSettingFunctionality" class="method navigator-link" hash-for-method="verifyMyGoalSetting">verifyMyGoalSetting</a> <!-- method navigator-link -->
                      </span>
                      <br/>
                    </div> <!-- method-list-content passed suite-CodeCademy_Suite -->
                  </li>
                </ul>
              </div> <!-- suite-section-content -->
            </div> <!-- result-section -->
          </div> <!-- navigator-suite-content -->
        </div> <!-- rounded-window -->
      </div> <!-- suite -->
    </div> <!-- navigator-root -->
    <div class="wrapper">
      <div class="main-panel-root">
        <div panel-name="suite-CodeCademy_Suite" class="panel CodeCademy_Suite">
          <div class="suite-CodeCademy_Suite-class-failed">
            <div class="main-panel-header rounded-window-top">
              <img src="failed.png"/>
              <span class="class-name">testPack.TNGVerifyLoginAndMyGoalSettingFunctionality</span>
            </div> <!-- main-panel-header rounded-window-top -->
            <div class="main-panel-content rounded-window-bottom">
              <div class="method">
                <div class="method-content">
                  <a name="verifyMyGoalSetting">
                  </a> <!-- verifyMyGoalSetting -->
                  <span class="method-name">verifyMyGoalSetting</span>
                  <div class="stack-trace">org.openqa.selenium.NoSuchElementException: no such element: Unable to locate element: {&quot;method&quot;:&quot;xpath&quot;,&quot;selector&quot;:&quot;//a[text()=&apos;Edit&apos;]&quot;}
  (Session info: chrome=107.0.5304.107)
For documentation on this error, please visit: https://www.seleniumhq.org/exceptions/no_such_element.html
Build info: version: &apos;3.141.59&apos;, revision: &apos;e82be7d358&apos;, time: &apos;2018-11-14T08:17:03&apos;
System info: host: &apos;DESKTOP-J3M6P33&apos;, ip: &apos;192.168.0.103&apos;, os.name: &apos;Windows 11&apos;, os.arch: &apos;amd64&apos;, os.version: &apos;10.0&apos;, java.version: &apos;18.0.1&apos;
Driver info: org.openqa.selenium.chrome.ChromeDriver
Capabilities {acceptInsecureCerts: false, browserName: chrome, browserVersion: 107.0.5304.107, chrome: {chromedriverVersion: 106.0.5249.61 (511755355844..., userDataDir: C:\Users\Akshay Shelke\AppD...}, goog:chromeOptions: {debuggerAddress: localhost:59480}, javascriptEnabled: true, networkConnectionEnabled: false, pageLoadStrategy: normal, platform: WINDOWS, platformName: WINDOWS, proxy: Proxy(), setWindowRect: true, strictFileInteractability: false, timeouts: {implicit: 0, pageLoad: 300000, script: 30000}, unhandledPromptBehavior: dismiss and notify, webauthn:extension:credBlob: true, webauthn:extension:largeBlob: true, webauthn:virtualAuthenticators: true}
Session ID: a87acddc80d80c72b6760ae6fbf02ae5
*** Element info: {Using=xpath, value=//a[text()=&apos;Edit&apos;]}
	at org.openqa.selenium.remote.http.W3CHttpResponseCodec.createException(W3CHttpResponseCodec.java:187)
	at org.openqa.selenium.remote.http.W3CHttpResponseCodec.decode(W3CHttpResponseCodec.java:122)
	at org.openqa.selenium.remote.http.W3CHttpResponseCodec.decode(W3CHttpResponseCodec.java:49)
	at org.openqa.selenium.remote.HttpCommandExecutor.execute(HttpCommandExecutor.java:158)
	at org.openqa.selenium.remote.service.DriverCommandExecutor.execute(DriverCommandExecutor.java:83)
	at org.openqa.selenium.remote.RemoteWebDriver.execute(RemoteWebDriver.java:552)
	at org.openqa.selenium.remote.RemoteWebDriver.findElement(RemoteWebDriver.java:323)
	at org.openqa.selenium.remote.RemoteWebDriver.findElementByXPath(RemoteWebDriver.java:428)
	at org.openqa.selenium.By$ByXPath.findElement(By.java:353)
	at org.openqa.selenium.remote.RemoteWebDriver.findElement(RemoteWebDriver.java:315)
	at org.openqa.selenium.support.pagefactory.DefaultElementLocator.findElement(DefaultElementLocator.java:69)
	at org.openqa.selenium.support.pagefactory.internal.LocatingElementHandler.invoke(LocatingElementHandler.java:38)
	at jdk.proxy2/jdk.proxy2.$Proxy17.click(Unknown Source)
	at pages.HomePage.clickEditLink(HomePage.java:42)
	at testPack.TNGVerifyLoginAndMyGoalSettingFunctionality.verifyMyGoalSetting(TNGVerifyLoginAndMyGoalSettingFunctionality.java:102)
	at java.base/java.util.concurrent.ThreadPoolExecutor.runWorker(ThreadPoolExecutor.java:1136)
	at java.base/java.util.concurrent.ThreadPoolExecutor$Worker.run(ThreadPoolExecutor.java:635)
	at java.base/java.lang.Thread.run(Thread.java:833)
... Removed 13 stack frames
</div> <!-- stack-trace -->
                </div> <!-- method-content -->
              </div> <!-- method -->
            </div> <!-- main-panel-content rounded-window-bottom -->
          </div> <!-- suite-CodeCademy_Suite-class-failed -->
          <div class="suite-CodeCademy_Suite-class-failed">
            <div class="main-panel-header rounded-window-top">
              <img src="failed.png"/>
              <span class="class-name">testPack.TNGVerifyAddWorkSpaceAndSearchFunction</span>
            </div> <!-- main-panel-header rounded-window-top -->
            <div class="main-panel-content rounded-window-bottom">
              <div class="method">
                <div class="method-content">
                  <a name="verifySearchFunction">
                  </a> <!-- verifySearchFunction -->
                  <span class="method-name">verifySearchFunction</span>
                  <div class="stack-trace">org.openqa.selenium.StaleElementReferenceException: stale element reference: element is not attached to the page document
  (Session info: chrome=107.0.5304.107)
For documentation on this error, please visit: https://www.seleniumhq.org/exceptions/stale_element_reference.html
Build info: version: &apos;3.141.59&apos;, revision: &apos;e82be7d358&apos;, time: &apos;2018-11-14T08:17:03&apos;
System info: host: &apos;DESKTOP-J3M6P33&apos;, ip: &apos;192.168.0.103&apos;, os.name: &apos;Windows 11&apos;, os.arch: &apos;amd64&apos;, os.version: &apos;10.0&apos;, java.version: &apos;18.0.1&apos;
Driver info: org.openqa.selenium.chrome.ChromeDriver
Capabilities {acceptInsecureCerts: false, browserName: chrome, browserVersion: 107.0.5304.107, chrome: {chromedriverVersion: 106.0.5249.61 (511755355844..., userDataDir: C:\Users\Akshay Shelke\AppD...}, goog:chromeOptions: {debuggerAddress: localhost:59466}, javascriptEnabled: true, networkConnectionEnabled: false, pageLoadStrategy: normal, platform: WINDOWS, platformName: WINDOWS, proxy: Proxy(), setWindowRect: true, strictFileInteractability: false, timeouts: {implicit: 0, pageLoad: 300000, script: 30000}, unhandledPromptBehavior: dismiss and notify, webauthn:extension:credBlob: true, webauthn:extension:largeBlob: true, webauthn:virtualAuthenticators: true}
Session ID: b8a20c370177a850672cbca266faac2e
	at org.openqa.selenium.remote.http.W3CHttpResponseCodec.createException(W3CHttpResponseCodec.java:187)
	at org.openqa.selenium.remote.http.W3CHttpResponseCodec.decode(W3CHttpResponseCodec.java:122)
	at org.openqa.selenium.remote.http.W3CHttpResponseCodec.decode(W3CHttpResponseCodec.java:49)
	at org.openqa.selenium.remote.HttpCommandExecutor.execute(HttpCommandExecutor.java:158)
	at org.openqa.selenium.remote.service.DriverCommandExecutor.execute(DriverCommandExecutor.java:83)
	at org.openqa.selenium.remote.RemoteWebDriver.execute(RemoteWebDriver.java:552)
	at org.openqa.selenium.remote.RemoteWebElement.execute(RemoteWebElement.java:285)
	at org.openqa.selenium.remote.RemoteWebElement.sendKeys(RemoteWebElement.java:106)
	at org.openqa.selenium.support.pagefactory.internal.LocatingElementHandler.invoke(LocatingElementHandler.java:51)
	at jdk.proxy2/jdk.proxy2.$Proxy17.sendKeys(Unknown Source)
	at pages.HomePage.enterAndSubmitSearchBox(HomePage.java:54)
	at testPack.TNGVerifyAddWorkSpaceAndSearchFunction.verifySearchFunction(TNGVerifyAddWorkSpaceAndSearchFunction.java:110)
	at java.base/java.util.concurrent.ThreadPoolExecutor.runWorker(ThreadPoolExecutor.java:1136)
	at java.base/java.util.concurrent.ThreadPoolExecutor$Worker.run(ThreadPoolExecutor.java:635)
	at java.base/java.lang.Thread.run(Thread.java:833)
... Removed 15 stack frames
</div> <!-- stack-trace -->
                </div> <!-- method-content -->
              </div> <!-- method -->
              <div class="method">
                <div class="method-content">
                  <a name="verifySearchFunction">
                  </a> <!-- verifySearchFunction -->
                  <span class="method-name">verifySearchFunction</span>
                  <div class="stack-trace">org.openqa.selenium.NoSuchElementException: no such element: Unable to locate element: {&quot;method&quot;:&quot;xpath&quot;,&quot;selector&quot;:&quot;//input[@id=&apos;header-search-bar&apos;]&quot;}
  (Session info: MicrosoftEdge=107.0.1418.42)
For documentation on this error, please visit: https://www.seleniumhq.org/exceptions/no_such_element.html
Build info: version: &apos;3.141.59&apos;, revision: &apos;e82be7d358&apos;, time: &apos;2018-11-14T08:17:03&apos;
System info: host: &apos;DESKTOP-J3M6P33&apos;, ip: &apos;192.168.0.103&apos;, os.name: &apos;Windows 11&apos;, os.arch: &apos;amd64&apos;, os.version: &apos;10.0&apos;, java.version: &apos;18.0.1&apos;
Driver info: org.openqa.selenium.edge.EdgeDriver
Capabilities {acceptInsecureCerts: false, browserName: msedge, browserVersion: 107.0.1418.42, javascriptEnabled: true, ms:edgeOptions: {debuggerAddress: localhost:59840}, msedge: {msedgedriverVersion: 106.0.1370.52 (dc5b94d8835a..., userDataDir: C:\Users\Akshay Shelke\AppD...}, networkConnectionEnabled: false, pageLoadStrategy: normal, platform: WINDOWS, platformName: WINDOWS, proxy: Proxy(), setWindowRect: true, strictFileInteractability: false, timeouts: {implicit: 0, pageLoad: 300000, script: 30000}, unhandledPromptBehavior: dismiss and notify, webauthn:extension:credBlob: true, webauthn:extension:largeBlob: true, webauthn:virtualAuthenticators: true}
Session ID: b8ab10155d753af3f808954e86c13849
*** Element info: {Using=xpath, value=//input[@id=&apos;header-search-bar&apos;]}
	at org.openqa.selenium.remote.http.W3CHttpResponseCodec.createException(W3CHttpResponseCodec.java:187)
	at org.openqa.selenium.remote.http.W3CHttpResponseCodec.decode(W3CHttpResponseCodec.java:122)
	at org.openqa.selenium.remote.http.W3CHttpResponseCodec.decode(W3CHttpResponseCodec.java:49)
	at org.openqa.selenium.remote.HttpCommandExecutor.execute(HttpCommandExecutor.java:158)
	at org.openqa.selenium.remote.service.DriverCommandExecutor.execute(DriverCommandExecutor.java:83)
	at org.openqa.selenium.remote.RemoteWebDriver.execute(RemoteWebDriver.java:552)
	at org.openqa.selenium.remote.RemoteWebDriver.findElement(RemoteWebDriver.java:323)
	at org.openqa.selenium.remote.RemoteWebDriver.findElementByXPath(RemoteWebDriver.java:428)
	at org.openqa.selenium.By$ByXPath.findElement(By.java:353)
	at org.openqa.selenium.remote.RemoteWebDriver.findElement(RemoteWebDriver.java:315)
	at org.openqa.selenium.support.pagefactory.DefaultElementLocator.findElement(DefaultElementLocator.java:69)
	at org.openqa.selenium.support.pagefactory.internal.LocatingElementHandler.invoke(LocatingElementHandler.java:38)
	at jdk.proxy2/jdk.proxy2.$Proxy17.sendKeys(Unknown Source)
	at pages.HomePage.enterAndSubmitSearchBox(HomePage.java:54)
	at testPack.TNGVerifyAddWorkSpaceAndSearchFunction.verifySearchFunction(TNGVerifyAddWorkSpaceAndSearchFunction.java:110)
	at java.base/java.util.concurrent.ThreadPoolExecutor.runWorker(ThreadPoolExecutor.java:1136)
	at java.base/java.util.concurrent.ThreadPoolExecutor$Worker.run(ThreadPoolExecutor.java:635)
	at java.base/java.lang.Thread.run(Thread.java:833)
... Removed 13 stack frames
</div> <!-- stack-trace -->
                </div> <!-- method-content -->
              </div> <!-- method -->
            </div> <!-- main-panel-content rounded-window-bottom -->
          </div> <!-- suite-CodeCademy_Suite-class-failed -->
          <div class="suite-CodeCademy_Suite-class-passed">
            <div class="main-panel-header rounded-window-top">
              <img src="passed.png"/>
              <span class="class-name">testPack.TNGVerifyLoginAndMyGoalSettingFunctionality</span>
            </div> <!-- main-panel-header rounded-window-top -->
            <div class="main-panel-content rounded-window-bottom">
              <div class="method">
                <div class="method-content">
                  <a name="verifyLogin">
                  </a> <!-- verifyLogin -->
                  <span class="method-name">verifyLogin</span>
                </div> <!-- method-content -->
              </div> <!-- method -->
              <div class="method">
                <div class="method-content">
                  <a name="verifyLogin">
                  </a> <!-- verifyLogin -->
                  <span class="method-name">verifyLogin</span>
                </div> <!-- method-content -->
              </div> <!-- method -->
              <div class="method">
                <div class="method-content">
                  <a name="verifyMyGoalSetting">
                  </a> <!-- verifyMyGoalSetting -->
                  <span class="method-name">verifyMyGoalSetting</span>
                </div> <!-- method-content -->
              </div> <!-- method -->
            </div> <!-- main-panel-content rounded-window-bottom -->
          </div> <!-- suite-CodeCademy_Suite-class-passed -->
          <div class="suite-CodeCademy_Suite-class-passed">
            <div class="main-panel-header rounded-window-top">
              <img src="passed.png"/>
              <span class="class-name">testPack.TNGVerifyAddWorkSpaceAndSearchFunction</span>
            </div> <!-- main-panel-header rounded-window-top -->
            <div class="main-panel-content rounded-window-bottom">
              <div class="method">
                <div class="method-content">
                  <a name="verifyAddWorkspace">
                  </a> <!-- verifyAddWorkspace -->
                  <span class="method-name">verifyAddWorkspace</span>
                </div> <!-- method-content -->
              </div> <!-- method -->
              <div class="method">
                <div class="method-content">
                  <a name="verifyAddWorkspace">
                  </a> <!-- verifyAddWorkspace -->
                  <span class="method-name">verifyAddWorkspace</span>
                </div> <!-- method-content -->
              </div> <!-- method -->
            </div> <!-- main-panel-content rounded-window-bottom -->
          </div> <!-- suite-CodeCademy_Suite-class-passed -->
        </div> <!-- panel CodeCademy_Suite -->
        <div panel-name="test-xml-CodeCademy_Suite" class="panel">
          <div class="main-panel-header rounded-window-top">
            <span class="header-content">C:\Users\Akshay Shelke\git\CodeCademyAutomation\Codecademy_Automation\testng.xml</span>
          </div> <!-- main-panel-header rounded-window-top -->
          <div class="main-panel-content rounded-window-bottom">
            <pre>
&lt;?xml version=&quot;1.0&quot; encoding=&quot;UTF-8&quot;?&gt;
&lt;!DOCTYPE suite SYSTEM &quot;https://testng.org/testng-1.0.dtd&quot;&gt;
&lt;suite thread-count=&quot;2&quot; parallel=&quot;classes&quot; name=&quot;CodeCademy Suite&quot; guice-stage=&quot;DEVELOPMENT&quot;&gt;
  &lt;test thread-count=&quot;2&quot; parallel=&quot;classes&quot; name=&quot;TestChrome&quot;&gt;
    &lt;parameter name=&quot;browser&quot; value=&quot;Chrome&quot;/&gt;
    &lt;classes&gt;
      &lt;class name=&quot;testPack.TNGVerifyLoginAndMyGoalSettingFunctionality&quot;/&gt;
      &lt;class name=&quot;testPack.TNGVerifyAddWorkSpaceAndSearchFunction&quot;/&gt;
    &lt;/classes&gt;
  &lt;/test&gt; &lt;!-- TestChrome --&gt;
  &lt;test thread-count=&quot;2&quot; parallel=&quot;classes&quot; name=&quot;TestEdge&quot;&gt;
    &lt;parameter name=&quot;browser&quot; value=&quot;Edge&quot;/&gt;
    &lt;classes&gt;
      &lt;class name=&quot;testPack.TNGVerifyLoginAndMyGoalSettingFunctionality&quot;/&gt;
      &lt;class name=&quot;testPack.TNGVerifyAddWorkSpaceAndSearchFunction&quot;/&gt;
    &lt;/classes&gt;
  &lt;/test&gt; &lt;!-- TestEdge --&gt;
&lt;/suite&gt; &lt;!-- CodeCademy Suite --&gt;
            </pre>
          </div> <!-- main-panel-content rounded-window-bottom -->
        </div> <!-- panel -->
        <div panel-name="testlist-CodeCademy_Suite" class="panel">
          <div class="main-panel-header rounded-window-top">
            <span class="header-content">Tests for CodeCademy Suite</span>
          </div> <!-- main-panel-header rounded-window-top -->
          <div class="main-panel-content rounded-window-bottom">
            <ul>
              <li>
                <span class="test-name">TestChrome (2 classes)</span>
              </li>
              <li>
                <span class="test-name">TestEdge (2 classes)</span>
              </li>
            </ul>
          </div> <!-- main-panel-content rounded-window-bottom -->
        </div> <!-- panel -->
        <div panel-name="group-CodeCademy_Suite" class="panel">
          <div class="main-panel-header rounded-window-top">
            <span class="header-content">Groups for CodeCademy Suite</span>
          </div> <!-- main-panel-header rounded-window-top -->
          <div class="main-panel-content rounded-window-bottom">
          </div> <!-- main-panel-content rounded-window-bottom -->
        </div> <!-- panel -->
        <div panel-name="times-CodeCademy_Suite" class="panel">
          <div class="main-panel-header rounded-window-top">
            <span class="header-content">Times for CodeCademy Suite</span>
          </div> <!-- main-panel-header rounded-window-top -->
          <div class="main-panel-content rounded-window-bottom">
            <div class="times-div">
              <script type="text/javascript">
suiteTableInitFunctions.push('tableData_CodeCademy_Suite');
function tableData_CodeCademy_Suite() {
var data = new google.visualization.DataTable();
data.addColumn('number', 'Number');
data.addColumn('string', 'Method');
data.addColumn('string', 'Class');
data.addColumn('number', 'Time (ms)');
data.addRows(8);
data.setCell(0, 0, 0)
data.setCell(0, 1, 'verifyAddWorkspace')
data.setCell(0, 2, 'testPack.TNGVerifyAddWorkSpaceAndSearchFunction')
data.setCell(0, 3, 11927);
data.setCell(1, 0, 1)
data.setCell(1, 1, 'verifySearchFunction')
data.setCell(1, 2, 'testPack.TNGVerifyAddWorkSpaceAndSearchFunction')
data.setCell(1, 3, 11234);
data.setCell(2, 0, 2)
data.setCell(2, 1, 'verifyAddWorkspace')
data.setCell(2, 2, 'testPack.TNGVerifyAddWorkSpaceAndSearchFunction')
data.setCell(2, 3, 11103);
data.setCell(3, 0, 3)
data.setCell(3, 1, 'verifyMyGoalSetting')
data.setCell(3, 2, 'testPack.TNGVerifyLoginAndMyGoalSettingFunctionality')
data.setCell(3, 3, 8824);
data.setCell(4, 0, 4)
data.setCell(4, 1, 'verifySearchFunction')
data.setCell(4, 2, 'testPack.TNGVerifyAddWorkSpaceAndSearchFunction')
data.setCell(4, 3, 6703);
data.setCell(5, 0, 5)
data.setCell(5, 1, 'verifyMyGoalSetting')
data.setCell(5, 2, 'testPack.TNGVerifyLoginAndMyGoalSettingFunctionality')
data.setCell(5, 3, 5119);
data.setCell(6, 0, 6)
data.setCell(6, 1, 'verifyLogin')
data.setCell(6, 2, 'testPack.TNGVerifyLoginAndMyGoalSettingFunctionality')
data.setCell(6, 3, 268);
data.setCell(7, 0, 7)
data.setCell(7, 1, 'verifyLogin')
data.setCell(7, 2, 'testPack.TNGVerifyLoginAndMyGoalSettingFunctionality')
data.setCell(7, 3, 97);
window.suiteTableData['CodeCademy_Suite']= { tableData: data, tableDiv: 'times-div-CodeCademy_Suite'}
return data;
}
              </script>
              <span class="suite-total-time">Total running time: 55 seconds</span>
              <div id="times-div-CodeCademy_Suite">
              </div> <!-- times-div-CodeCademy_Suite -->
            </div> <!-- times-div -->
          </div> <!-- main-panel-content rounded-window-bottom -->
        </div> <!-- panel -->
        <div panel-name="reporter-CodeCademy_Suite" class="panel">
          <div class="main-panel-header rounded-window-top">
            <span class="header-content">Reporter output for CodeCademy Suite</span>
          </div> <!-- main-panel-header rounded-window-top -->
          <div class="main-panel-content rounded-window-bottom">
          </div> <!-- main-panel-content rounded-window-bottom -->
        </div> <!-- panel -->
        <div panel-name="ignored-methods-CodeCademy_Suite" class="panel">
          <div class="main-panel-header rounded-window-top">
            <span class="header-content">0 ignored methods</span>
          </div> <!-- main-panel-header rounded-window-top -->
          <div class="main-panel-content rounded-window-bottom">
          </div> <!-- main-panel-content rounded-window-bottom -->
        </div> <!-- panel -->
        <div panel-name="chronological-CodeCademy_Suite" class="panel">
          <div class="main-panel-header rounded-window-top">
            <span class="header-content">Methods in chronological order</span>
          </div> <!-- main-panel-header rounded-window-top -->
          <div class="main-panel-content rounded-window-bottom">
            <div class="chronological-class">
              <div class="chronological-class-name">testPack.TNGVerifyAddWorkSpaceAndSearchFunction</div> <!-- chronological-class-name -->
              <div class="configuration-test before">
                <span class="method-name">launchTheBrowser(Chrome)</span>
                <span class="method-start">0 ms</span>
              </div> <!-- configuration-test before -->
            </div> <!-- chronological-class -->
            <div class="chronological-class">
              <div class="chronological-class-name">testPack.TNGVerifyLoginAndMyGoalSettingFunctionality</div> <!-- chronological-class-name -->
              <div class="configuration-test before">
                <span class="method-name">launchTheBrowser(Chrome)</span>
                <span class="method-start">1742 ms</span>
              </div> <!-- configuration-test before -->
              <div class="configuration-class before">
                <span class="method-name">createPOMObjects</span>
                <span class="method-start">3115 ms</span>
              </div> <!-- configuration-class before -->
            </div> <!-- chronological-class -->
            <div class="chronological-class">
              <div class="chronological-class-name">testPack.TNGVerifyAddWorkSpaceAndSearchFunction</div> <!-- chronological-class-name -->
              <div class="configuration-class before">
                <span class="method-name">createPOMObjects</span>
                <span class="method-start">3115 ms</span>
              </div> <!-- configuration-class before -->
              <div class="configuration-method before">
                <span class="method-name">logIn</span>
                <span class="method-start">3217 ms</span>
              </div> <!-- configuration-method before -->
            </div> <!-- chronological-class -->
            <div class="chronological-class">
              <div class="chronological-class-name">testPack.TNGVerifyLoginAndMyGoalSettingFunctionality</div> <!-- chronological-class-name -->
              <div class="configuration-method before">
                <span class="method-name">logIn</span>
                <span class="method-start">3217 ms</span>
              </div> <!-- configuration-method before -->
              <div class="test-method">
                <span class="method-name">verifyLogin</span>
                <span class="method-start">13860 ms</span>
              </div> <!-- test-method -->
              <div class="configuration-method after">
                <span class="method-name">logOut([TestResult name=verifyLogin status=SUCCESS method=TNGVerifyLoginAndMyGoalSettingFunctionality.verif...)</span>
                <span class="method-start">13962 ms</span>
              </div> <!-- configuration-method after -->
            </div> <!-- chronological-class -->
            <div class="chronological-class">
              <div class="chronological-class-name">testPack.TNGVerifyAddWorkSpaceAndSearchFunction</div> <!-- chronological-class-name -->
              <div class="test-method">
                <span class="method-name">verifyAddWorkspace</span>
                <span class="method-start">14176 ms</span>
              </div> <!-- test-method -->
              <div class="configuration-method after">
                <span class="method-name">logOut([TestResult name=verifyAddWorkspace status=SUCCESS method=TNGVerifyAddWorkSpaceAndSearchFunction.ver...)</span>
                <span class="method-start">25283 ms</span>
              </div> <!-- configuration-method after -->
            </div> <!-- chronological-class -->
            <div class="chronological-class">
              <div class="chronological-class-name">testPack.TNGVerifyLoginAndMyGoalSettingFunctionality</div> <!-- chronological-class-name -->
              <div class="configuration-method before">
                <span class="method-name">logIn</span>
                <span class="method-start">26629 ms</span>
              </div> <!-- configuration-method before -->
            </div> <!-- chronological-class -->
            <div class="chronological-class">
              <div class="chronological-class-name">testPack.TNGVerifyAddWorkSpaceAndSearchFunction</div> <!-- chronological-class-name -->
              <div class="configuration-method before">
                <span class="method-name">logIn</span>
                <span class="method-start">30162 ms</span>
              </div> <!-- configuration-method before -->
            </div> <!-- chronological-class -->
            <div class="chronological-class">
              <div class="chronological-class-name">testPack.TNGVerifyLoginAndMyGoalSettingFunctionality</div> <!-- chronological-class-name -->
              <div class="test-method">
                <img src="failed.png">
                </img>
                <span class="method-name">verifyMyGoalSetting</span>
                <span class="method-start">34029 ms</span>
              </div> <!-- test-method -->
              <div class="configuration-method after">
                <span class="method-name">logOut([TestResult name=verifyMyGoalSetting status=FAILURE method=TNGVerifyLoginAndMyGoalSettingFunctionali...)</span>
                <span class="method-start">39152 ms</span>
              </div> <!-- configuration-method after -->
            </div> <!-- chronological-class -->
            <div class="chronological-class">
              <div class="chronological-class-name">testPack.TNGVerifyAddWorkSpaceAndSearchFunction</div> <!-- chronological-class-name -->
              <div class="test-method">
                <img src="failed.png">
                </img>
                <span class="method-name">verifySearchFunction</span>
                <span class="method-start">39293 ms</span>
              </div> <!-- test-method -->
            </div> <!-- chronological-class -->
            <div class="chronological-class">
              <div class="chronological-class-name">testPack.TNGVerifyLoginAndMyGoalSettingFunctionality</div> <!-- chronological-class-name -->
              <div class="configuration-class after">
                <span class="method-name">clearObjects</span>
                <span class="method-start">45055 ms</span>
              </div> <!-- configuration-class after -->
            </div> <!-- chronological-class -->
            <div class="chronological-class">
              <div class="chronological-class-name">testPack.TNGVerifyAddWorkSpaceAndSearchFunction</div> <!-- chronological-class-name -->
              <div class="configuration-method after">
                <span class="method-name">logOut([TestResult name=verifySearchFunction status=FAILURE method=TNGVerifyAddWorkSpaceAndSearchFunction.v...)</span>
                <span class="method-start">46000 ms</span>
              </div> <!-- configuration-method after -->
              <div class="configuration-class after">
                <span class="method-name">clearObjects</span>
                <span class="method-start">49458 ms</span>
              </div> <!-- configuration-class after -->
              <div class="configuration-test after">
                <span class="method-name">closeTheBrowser</span>
                <span class="method-start">49464 ms</span>
              </div> <!-- configuration-test after -->
            </div> <!-- chronological-class -->
            <div class="chronological-class">
              <div class="chronological-class-name">testPack.TNGVerifyLoginAndMyGoalSettingFunctionality</div> <!-- chronological-class-name -->
              <div class="configuration-test after">
                <span class="method-name">closeTheBrowser</span>
                <span class="method-start">49862 ms</span>
              </div> <!-- configuration-test after -->
            </div> <!-- chronological-class -->
            <div class="chronological-class">
              <div class="chronological-class-name">testPack.TNGVerifyAddWorkSpaceAndSearchFunction</div> <!-- chronological-class-name -->
              <div class="configuration-test before">
                <span class="method-name">launchTheBrowser(Edge)</span>
                <span class="method-start">66197 ms</span>
              </div> <!-- configuration-test before -->
            </div> <!-- chronological-class -->
            <div class="chronological-class">
              <div class="chronological-class-name">testPack.TNGVerifyLoginAndMyGoalSettingFunctionality</div> <!-- chronological-class-name -->
              <div class="configuration-test before">
                <span class="method-name">launchTheBrowser(Edge)</span>
                <span class="method-start">69102 ms</span>
              </div> <!-- configuration-test before -->
              <div class="configuration-class before">
                <span class="method-name">createPOMObjects</span>
                <span class="method-start">72079 ms</span>
              </div> <!-- configuration-class before -->
            </div> <!-- chronological-class -->
            <div class="chronological-class">
              <div class="chronological-class-name">testPack.TNGVerifyAddWorkSpaceAndSearchFunction</div> <!-- chronological-class-name -->
              <div class="configuration-class before">
                <span class="method-name">createPOMObjects</span>
                <span class="method-start">72079 ms</span>
              </div> <!-- configuration-class before -->
              <div class="configuration-method before">
                <span class="method-name">logIn</span>
                <span class="method-start">72082 ms</span>
              </div> <!-- configuration-method before -->
            </div> <!-- chronological-class -->
            <div class="chronological-class">
              <div class="chronological-class-name">testPack.TNGVerifyLoginAndMyGoalSettingFunctionality</div> <!-- chronological-class-name -->
              <div class="configuration-method before">
                <span class="method-name">logIn</span>
                <span class="method-start">72082 ms</span>
              </div> <!-- configuration-method before -->
              <div class="test-method">
                <span class="method-name">verifyLogin</span>
                <span class="method-start">77528 ms</span>
              </div> <!-- test-method -->
              <div class="configuration-method after">
                <span class="method-name">logOut([TestResult name=verifyLogin status=SUCCESS method=TNGVerifyLoginAndMyGoalSettingFunctionality.verif...)</span>
                <span class="method-start">77797 ms</span>
              </div> <!-- configuration-method after -->
            </div> <!-- chronological-class -->
            <div class="chronological-class">
              <div class="chronological-class-name">testPack.TNGVerifyAddWorkSpaceAndSearchFunction</div> <!-- chronological-class-name -->
              <div class="test-method">
                <span class="method-name">verifyAddWorkspace</span>
                <span class="method-start">79219 ms</span>
              </div> <!-- test-method -->
            </div> <!-- chronological-class -->
            <div class="chronological-class">
              <div class="chronological-class-name">testPack.TNGVerifyLoginAndMyGoalSettingFunctionality</div> <!-- chronological-class-name -->
              <div class="configuration-method before">
                <span class="method-name">logIn</span>
                <span class="method-start">87077 ms</span>
              </div> <!-- configuration-method before -->
              <div class="test-method">
                <span class="method-name">verifyMyGoalSetting</span>
                <span class="method-start">90758 ms</span>
              </div> <!-- test-method -->
            </div> <!-- chronological-class -->
            <div class="chronological-class">
              <div class="chronological-class-name">testPack.TNGVerifyAddWorkSpaceAndSearchFunction</div> <!-- chronological-class-name -->
              <div class="configuration-method after">
                <span class="method-name">logOut([TestResult name=verifyAddWorkspace status=SUCCESS method=TNGVerifyAddWorkSpaceAndSearchFunction.ver...)</span>
                <span class="method-start">91148 ms</span>
              </div> <!-- configuration-method after -->
              <div class="configuration-method before">
                <span class="method-name">logIn</span>
                <span class="method-start">94360 ms</span>
              </div> <!-- configuration-method before -->
              <div class="test-method">
                <img src="failed.png">
                </img>
                <span class="method-name">verifySearchFunction</span>
                <span class="method-start">98555 ms</span>
              </div> <!-- test-method -->
            </div> <!-- chronological-class -->
            <div class="chronological-class">
              <div class="chronological-class-name">testPack.TNGVerifyLoginAndMyGoalSettingFunctionality</div> <!-- chronological-class-name -->
              <div class="configuration-method after">
                <span class="method-name">logOut([TestResult name=verifyMyGoalSetting status=SUCCESS method=TNGVerifyLoginAndMyGoalSettingFunctionali...)</span>
                <span class="method-start">99584 ms</span>
              </div> <!-- configuration-method after -->
              <div class="configuration-class after">
                <span class="method-name">clearObjects</span>
                <span class="method-start">102189 ms</span>
              </div> <!-- configuration-class after -->
            </div> <!-- chronological-class -->
            <div class="chronological-class">
              <div class="chronological-class-name">testPack.TNGVerifyAddWorkSpaceAndSearchFunction</div> <!-- chronological-class-name -->
              <div class="configuration-method after">
                <span class="method-name">logOut([TestResult name=verifySearchFunction status=FAILURE method=TNGVerifyAddWorkSpaceAndSearchFunction.v...)</span>
                <span class="method-start">109789 ms</span>
              </div> <!-- configuration-method after -->
              <div class="configuration-class after">
                <span class="method-name">clearObjects</span>
                <span class="method-start">112696 ms</span>
              </div> <!-- configuration-class after -->
              <div class="configuration-test after">
                <span class="method-name">closeTheBrowser</span>
                <span class="method-start">112698 ms</span>
              </div> <!-- configuration-test after -->
            </div> <!-- chronological-class -->
            <div class="chronological-class">
              <div class="chronological-class-name">testPack.TNGVerifyLoginAndMyGoalSettingFunctionality</div> <!-- chronological-class-name -->
              <div class="configuration-test after">
                <span class="method-name">closeTheBrowser</span>
                <span class="method-start">113044 ms</span>
              </div> <!-- configuration-test after -->
          </div> <!-- main-panel-content rounded-window-bottom -->
        </div> <!-- panel -->
      </div> <!-- main-panel-root -->
    </div> <!-- wrapper -->
  </body>
<script type="text/javascript" src="testng-reports2.js"></script>
</html>
