<?xml version="1.0" encoding="UTF-8"?>
<testng-results ignored="0" total="8" passed="5" failed="3" skipped="0">
  <reporter-output>
  </reporter-output>
  <suite started-at="2022-11-13T15:44:38 IST" name="CodeCademy Suite" finished-at="2022-11-13T15:46:31 IST" duration-ms="113460">
    <groups>
    </groups>
    <test started-at="2022-11-13T15:44:38 IST" name="TestChrome" finished-at="2022-11-13T15:45:44 IST" duration-ms="66156">
      <class name="testPack.TNGVerifyAddWorkSpaceAndSearchFunction">
        <test-method is-config="true" signature="launchTheBrowser(java.lang.String)[pri:0, instance:testPack.TNGVerifyAddWorkSpaceAndSearchFunction@50eac852]" started-at="2022-11-13T15:44:38 IST" name="launchTheBrowser" finished-at="2022-11-13T15:44:39 IST" duration-ms="1740" status="PASS">
          <params>
            <param index="0">
              <value>
                <![CDATA[Chrome]]>
              </value>
            </param>
          </params>
          <reporter-output>
          </reporter-output>
        </test-method> <!-- launchTheBrowser -->
        <test-method is-config="true" signature="createPOMObjects()[pri:0, instance:testPack.TNGVerifyAddWorkSpaceAndSearchFunction@50eac852]" started-at="2022-11-13T15:44:41 IST" name="createPOMObjects" finished-at="2022-11-13T15:44:41 IST" duration-ms="101" status="PASS">
          <reporter-output>
          </reporter-output>
        </test-method> <!-- createPOMObjects -->
        <test-method is-config="true" signature="logIn()[pri:0, instance:testPack.TNGVerifyAddWorkSpaceAndSearchFunction@50eac852]" started-at="2022-11-13T15:44:41 IST" name="logIn" finished-at="2022-11-13T15:44:52 IST" duration-ms="10958" status="PASS">
          <reporter-output>
          </reporter-output>
        </test-method> <!-- logIn -->
        <test-method signature="verifyAddWorkspace()[pri:0, instance:testPack.TNGVerifyAddWorkSpaceAndSearchFunction@50eac852]" started-at="2022-11-13T15:44:52 IST" name="verifyAddWorkspace" finished-at="2022-11-13T15:45:03 IST" duration-ms="11103" status="PASS">
          <reporter-output>
          </reporter-output>
        </test-method> <!-- verifyAddWorkspace -->
        <test-method is-config="true" signature="logOut(org.testng.ITestResult)[pri:0, instance:testPack.TNGVerifyAddWorkSpaceAndSearchFunction@50eac852]" started-at="2022-11-13T15:45:03 IST" name="logOut" finished-at="2022-11-13T15:45:08 IST" duration-ms="4877" status="PASS">
          <params>
            <param index="0">
              <value>
                <![CDATA[[TestResult name=verifyAddWorkspace status=SUCCESS method=TNGVerifyAddWorkSpaceAndSearchFunction.verifyAddWorkspace()[pri:0, instance:testPack.TNGVerifyAddWorkSpaceAndSearchFunction@50eac852] output={null}]]]>
              </value>
            </param>
          </params>
          <reporter-output>
          </reporter-output>
        </test-method> <!-- logOut -->
        <test-method is-config="true" signature="logIn()[pri:0, instance:testPack.TNGVerifyAddWorkSpaceAndSearchFunction@50eac852]" started-at="2022-11-13T15:45:08 IST" name="logIn" finished-at="2022-11-13T15:45:17 IST" duration-ms="9130" status="PASS">
          <reporter-output>
          </reporter-output>
        </test-method> <!-- logIn -->
        <test-method signature="verifySearchFunction()[pri:0, instance:testPack.TNGVerifyAddWorkSpaceAndSearchFunction@50eac852]" started-at="2022-11-13T15:45:17 IST" name="verifySearchFunction" finished-at="2022-11-13T15:45:24 IST" duration-ms="6703" status="FAIL">
          <exception class="org.openqa.selenium.StaleElementReferenceException">
            <message>
              <![CDATA[stale element reference: element is not attached to the page document
  (Session info: chrome=107.0.5304.107)
For documentation on this error, please visit: https://www.seleniumhq.org/exceptions/stale_element_reference.html
Build info: version: '3.141.59', revision: 'e82be7d358', time: '2018-11-14T08:17:03'
System info: host: 'DESKTOP-J3M6P33', ip: '192.168.0.103', os.name: 'Windows 11', os.arch: 'amd64', os.version: '10.0', java.version: '18.0.1'
Driver info: org.openqa.selenium.chrome.ChromeDriver
Capabilities {acceptInsecureCerts: false, browserName: chrome, browserVersion: 107.0.5304.107, chrome: {chromedriverVersion: 106.0.5249.61 (511755355844..., userDataDir: C:\Users\Akshay Shelke\AppD...}, goog:chromeOptions: {debuggerAddress: localhost:59466}, javascriptEnabled: true, networkConnectionEnabled: false, pageLoadStrategy: normal, platform: WINDOWS, platformName: WINDOWS, proxy: Proxy(), setWindowRect: true, strictFileInteractability: false, timeouts: {implicit: 0, pageLoad: 300000, script: 30000}, unhandledPromptBehavior: dismiss and notify, webauthn:extension:credBlob: true, webauthn:extension:largeBlob: true, webauthn:virtualAuthenticators: true}
Session ID: b8a20c370177a850672cbca266faac2e]]>
            </message>
            <full-stacktrace>
              <![CDATA[org.openqa.selenium.StaleElementReferenceException: stale element reference: element is not attached to the page document
  (Session info: chrome=107.0.5304.107)
For documentation on this error, please visit: https://www.seleniumhq.org/exceptions/stale_element_reference.html
Build info: version: '3.141.59', revision: 'e82be7d358', time: '2018-11-14T08:17:03'
System info: host: 'DESKTOP-J3M6P33', ip: '192.168.0.103', os.name: 'Windows 11', os.arch: 'amd64', os.version: '10.0', java.version: '18.0.1'
Driver info: org.openqa.selenium.chrome.ChromeDriver
Capabilities {acceptInsecureCerts: false, browserName: chrome, browserVersion: 107.0.5304.107, chrome: {chromedriverVersion: 106.0.5249.61 (511755355844..., userDataDir: C:\Users\Akshay Shelke\AppD...}, goog:chromeOptions: {debuggerAddress: localhost:59466}, javascriptEnabled: true, networkConnectionEnabled: false, pageLoadStrategy: normal, platform: WINDOWS, platformName: WINDOWS, proxy: Proxy(), setWindowRect: true, strictFileInteractability: false, timeouts: {implicit: 0, pageLoad: 300000, script: 30000}, unhandledPromptBehavior: dismiss and notify, webauthn:extension:credBlob: true, webauthn:extension:largeBlob: true, webauthn:virtualAuthenticators: true}
Session ID: b8a20c370177a850672cbca266faac2e
at java.base/jdk.internal.reflect.DirectConstructorHandleAccessor.newInstance(DirectConstructorHandleAccessor.java:67)
at java.base/java.lang.reflect.Constructor.newInstanceWithCaller(Constructor.java:499)
at java.base/java.lang.reflect.Constructor.newInstance(Constructor.java:483)
at org.openqa.selenium.remote.http.W3CHttpResponseCodec.createException(W3CHttpResponseCodec.java:187)
at org.openqa.selenium.remote.http.W3CHttpResponseCodec.decode(W3CHttpResponseCodec.java:122)
at org.openqa.selenium.remote.http.W3CHttpResponseCodec.decode(W3CHttpResponseCodec.java:49)
at org.openqa.selenium.remote.HttpCommandExecutor.execute(HttpCommandExecutor.java:158)
at org.openqa.selenium.remote.service.DriverCommandExecutor.execute(DriverCommandExecutor.java:83)
at org.openqa.selenium.remote.RemoteWebDriver.execute(RemoteWebDriver.java:552)
at org.openqa.selenium.remote.RemoteWebElement.execute(RemoteWebElement.java:285)
at org.openqa.selenium.remote.RemoteWebElement.sendKeys(RemoteWebElement.java:106)
at java.base/jdk.internal.reflect.DirectMethodHandleAccessor.invoke(DirectMethodHandleAccessor.java:104)
at java.base/java.lang.reflect.Method.invoke(Method.java:577)
at org.openqa.selenium.support.pagefactory.internal.LocatingElementHandler.invoke(LocatingElementHandler.java:51)
at jdk.proxy2/jdk.proxy2.$Proxy17.sendKeys(Unknown Source)
at pages.HomePage.enterAndSubmitSearchBox(HomePage.java:54)
at testPack.TNGVerifyAddWorkSpaceAndSearchFunction.verifySearchFunction(TNGVerifyAddWorkSpaceAndSearchFunction.java:110)
at java.base/jdk.internal.reflect.DirectMethodHandleAccessor.invoke(DirectMethodHandleAccessor.java:104)
at java.base/java.lang.reflect.Method.invoke(Method.java:577)
at org.testng.internal.MethodInvocationHelper.invokeMethod(MethodInvocationHelper.java:133)
at org.testng.internal.TestInvoker.invokeMethod(TestInvoker.java:598)
at org.testng.internal.TestInvoker.invokeTestMethod(TestInvoker.java:173)
at org.testng.internal.MethodRunner.runInSequence(MethodRunner.java:46)
at org.testng.internal.TestInvoker$MethodInvocationAgent.invoke(TestInvoker.java:824)
at org.testng.internal.TestInvoker.invokeTestMethods(TestInvoker.java:146)
at org.testng.internal.TestMethodWorker.invokeTestMethods(TestMethodWorker.java:146)
at org.testng.internal.TestMethodWorker.run(TestMethodWorker.java:128)
at java.base/java.util.concurrent.ThreadPoolExecutor.runWorker(ThreadPoolExecutor.java:1136)
at java.base/java.util.concurrent.ThreadPoolExecutor$Worker.run(ThreadPoolExecutor.java:635)
at java.base/java.lang.Thread.run(Thread.java:833)
]]>
            </full-stacktrace>
          </exception> <!-- org.openqa.selenium.StaleElementReferenceException -->
          <reporter-output>
          </reporter-output>
        </test-method> <!-- verifySearchFunction -->
        <test-method is-config="true" signature="logOut(org.testng.ITestResult)[pri:0, instance:testPack.TNGVerifyAddWorkSpaceAndSearchFunction@50eac852]" started-at="2022-11-13T15:45:24 IST" name="logOut" finished-at="2022-11-13T15:45:27 IST" duration-ms="3458" status="PASS">
          <params>
            <param index="0">
              <value>
                <![CDATA[[TestResult name=verifySearchFunction status=FAILURE method=TNGVerifyAddWorkSpaceAndSearchFunction.verifySearchFunction()[pri:0, instance:testPack.TNGVerifyAddWorkSpaceAndSearchFunction@50eac852] output={null}]]]>
              </value>
            </param>
          </params>
          <reporter-output>
          </reporter-output>
        </test-method> <!-- logOut -->
        <test-method is-config="true" signature="clearObjects()[pri:0, instance:testPack.TNGVerifyAddWorkSpaceAndSearchFunction@50eac852]" started-at="2022-11-13T15:45:27 IST" name="clearObjects" finished-at="2022-11-13T15:45:27 IST" duration-ms="1" status="PASS">
          <reporter-output>
          </reporter-output>
        </test-method> <!-- clearObjects -->
        <test-method is-config="true" signature="closeTheBrowser()[pri:0, instance:testPack.TNGVerifyAddWorkSpaceAndSearchFunction@50eac852]" started-at="2022-11-13T15:45:27 IST" name="closeTheBrowser" finished-at="2022-11-13T15:45:27 IST" duration-ms="398" status="PASS">
          <reporter-output>
          </reporter-output>
        </test-method> <!-- closeTheBrowser -->
      </class> <!-- testPack.TNGVerifyAddWorkSpaceAndSearchFunction -->
      <class name="testPack.TNGVerifyLoginAndMyGoalSettingFunctionality">
        <test-method is-config="true" signature="launchTheBrowser(java.lang.String)[pri:0, instance:testPack.TNGVerifyLoginAndMyGoalSettingFunctionality@2c767a52]" started-at="2022-11-13T15:44:39 IST" name="launchTheBrowser" finished-at="2022-11-13T15:44:41 IST" duration-ms="1317" status="PASS">
          <params>
            <param index="0">
              <value>
                <![CDATA[Chrome]]>
              </value>
            </param>
          </params>
          <reporter-output>
          </reporter-output>
        </test-method> <!-- launchTheBrowser -->
        <test-method is-config="true" signature="createPOMObjects()[pri:0, instance:testPack.TNGVerifyLoginAndMyGoalSettingFunctionality@2c767a52]" started-at="2022-11-13T15:44:41 IST" name="createPOMObjects" finished-at="2022-11-13T15:44:41 IST" duration-ms="85" status="PASS">
          <reporter-output>
          </reporter-output>
        </test-method> <!-- createPOMObjects -->
        <test-method is-config="true" signature="logIn()[pri:0, instance:testPack.TNGVerifyLoginAndMyGoalSettingFunctionality@2c767a52]" started-at="2022-11-13T15:44:41 IST" name="logIn" finished-at="2022-11-13T15:44:51 IST" duration-ms="10641" status="PASS">
          <reporter-output>
          </reporter-output>
        </test-method> <!-- logIn -->
        <test-method signature="verifyLogin()[pri:0, instance:testPack.TNGVerifyLoginAndMyGoalSettingFunctionality@2c767a52]" started-at="2022-11-13T15:44:51 IST" name="verifyLogin" finished-at="2022-11-13T15:44:51 IST" duration-ms="97" status="PASS">
          <reporter-output>
          </reporter-output>
        </test-method> <!-- verifyLogin -->
        <test-method is-config="true" signature="logOut(org.testng.ITestResult)[pri:0, instance:testPack.TNGVerifyLoginAndMyGoalSettingFunctionality@2c767a52]" started-at="2022-11-13T15:44:51 IST" name="logOut" finished-at="2022-11-13T15:45:04 IST" duration-ms="12665" status="PASS">
          <params>
            <param index="0">
              <value>
                <![CDATA[[TestResult name=verifyLogin status=SUCCESS method=TNGVerifyLoginAndMyGoalSettingFunctionality.verifyLogin()[pri:0, instance:testPack.TNGVerifyLoginAndMyGoalSettingFunctionality@2c767a52] output={null}]]]>
              </value>
            </param>
          </params>
          <reporter-output>
          </reporter-output>
        </test-method> <!-- logOut -->
        <test-method is-config="true" signature="logIn()[pri:0, instance:testPack.TNGVerifyLoginAndMyGoalSettingFunctionality@2c767a52]" started-at="2022-11-13T15:45:04 IST" name="logIn" finished-at="2022-11-13T15:45:12 IST" duration-ms="7400" status="PASS">
          <reporter-output>
          </reporter-output>
        </test-method> <!-- logIn -->
        <test-method signature="verifyMyGoalSetting()[pri:0, instance:testPack.TNGVerifyLoginAndMyGoalSettingFunctionality@2c767a52]" started-at="2022-11-13T15:45:12 IST" name="verifyMyGoalSetting" finished-at="2022-11-13T15:45:17 IST" duration-ms="5119" status="FAIL">
          <exception class="org.openqa.selenium.NoSuchElementException">
            <message>
              <![CDATA[no such element: Unable to locate element: {"method":"xpath","selector":"//a[text()='Edit']"}
  (Session info: chrome=107.0.5304.107)
For documentation on this error, please visit: https://www.seleniumhq.org/exceptions/no_such_element.html
Build info: version: '3.141.59', revision: 'e82be7d358', time: '2018-11-14T08:17:03'
System info: host: 'DESKTOP-J3M6P33', ip: '192.168.0.103', os.name: 'Windows 11', os.arch: 'amd64', os.version: '10.0', java.version: '18.0.1'
Driver info: org.openqa.selenium.chrome.ChromeDriver
Capabilities {acceptInsecureCerts: false, browserName: chrome, browserVersion: 107.0.5304.107, chrome: {chromedriverVersion: 106.0.5249.61 (511755355844..., userDataDir: C:\Users\Akshay Shelke\AppD...}, goog:chromeOptions: {debuggerAddress: localhost:59480}, javascriptEnabled: true, networkConnectionEnabled: false, pageLoadStrategy: normal, platform: WINDOWS, platformName: WINDOWS, proxy: Proxy(), setWindowRect: true, strictFileInteractability: false, timeouts: {implicit: 0, pageLoad: 300000, script: 30000}, unhandledPromptBehavior: dismiss and notify, webauthn:extension:credBlob: true, webauthn:extension:largeBlob: true, webauthn:virtualAuthenticators: true}
Session ID: a87acddc80d80c72b6760ae6fbf02ae5
*** Element info: {Using=xpath, value=//a[text()='Edit']}]]>
            </message>
            <full-stacktrace>
              <![CDATA[org.openqa.selenium.NoSuchElementException: no such element: Unable to locate element: {"method":"xpath","selector":"//a[text()='Edit']"}
  (Session info: chrome=107.0.5304.107)
For documentation on this error, please visit: https://www.seleniumhq.org/exceptions/no_such_element.html
Build info: version: '3.141.59', revision: 'e82be7d358', time: '2018-11-14T08:17:03'
System info: host: 'DESKTOP-J3M6P33', ip: '192.168.0.103', os.name: 'Windows 11', os.arch: 'amd64', os.version: '10.0', java.version: '18.0.1'
Driver info: org.openqa.selenium.chrome.ChromeDriver
Capabilities {acceptInsecureCerts: false, browserName: chrome, browserVersion: 107.0.5304.107, chrome: {chromedriverVersion: 106.0.5249.61 (511755355844..., userDataDir: C:\Users\Akshay Shelke\AppD...}, goog:chromeOptions: {debuggerAddress: localhost:59480}, javascriptEnabled: true, networkConnectionEnabled: false, pageLoadStrategy: normal, platform: WINDOWS, platformName: WINDOWS, proxy: Proxy(), setWindowRect: true, strictFileInteractability: false, timeouts: {implicit: 0, pageLoad: 300000, script: 30000}, unhandledPromptBehavior: dismiss and notify, webauthn:extension:credBlob: true, webauthn:extension:largeBlob: true, webauthn:virtualAuthenticators: true}
Session ID: a87acddc80d80c72b6760ae6fbf02ae5
*** Element info: {Using=xpath, value=//a[text()='Edit']}
at java.base/jdk.internal.reflect.DirectConstructorHandleAccessor.newInstance(DirectConstructorHandleAccessor.java:67)
at java.base/java.lang.reflect.Constructor.newInstanceWithCaller(Constructor.java:499)
at java.base/java.lang.reflect.Constructor.newInstance(Constructor.java:483)
at org.openqa.selenium.remote.http.W3CHttpResponseCodec.createException(W3CHttpResponseCodec.java:187)
at org.openqa.selenium.remote.http.W3CHttpResponseCodec.decode(W3CHttpResponseCodec.java:122)
at org.openqa.selenium.remote.http.W3CHttpResponseCodec.decode(W3CHttpResponseCodec.java:49)
at org.openqa.selenium.remote.HttpCommandExecutor.execute(HttpCommandExecutor.java:158)
at org.openqa.selenium.remote.service.DriverCommandExecutor.execute(DriverCommandExecutor.java:83)
at org.openqa.selenium.remote.RemoteWebDriver.execute(RemoteWebDriver.java:552)
at org.openqa.selenium.remote.RemoteWebDriver.findElement(RemoteWebDriver.java:323)
at org.openqa.selenium.remote.RemoteWebDriver.findElementByXPath(RemoteWebDriver.java:428)
at org.openqa.selenium.By$ByXPath.findElement(By.java:353)
at org.openqa.selenium.remote.RemoteWebDriver.findElement(RemoteWebDriver.java:315)
at org.openqa.selenium.support.pagefactory.DefaultElementLocator.findElement(DefaultElementLocator.java:69)
at org.openqa.selenium.support.pagefactory.internal.LocatingElementHandler.invoke(LocatingElementHandler.java:38)
at jdk.proxy2/jdk.proxy2.$Proxy17.click(Unknown Source)
at pages.HomePage.clickEditLink(HomePage.java:42)
at testPack.TNGVerifyLoginAndMyGoalSettingFunctionality.verifyMyGoalSetting(TNGVerifyLoginAndMyGoalSettingFunctionality.java:102)
at java.base/jdk.internal.reflect.DirectMethodHandleAccessor.invoke(DirectMethodHandleAccessor.java:104)
at java.base/java.lang.reflect.Method.invoke(Method.java:577)
at org.testng.internal.MethodInvocationHelper.invokeMethod(MethodInvocationHelper.java:133)
at org.testng.internal.TestInvoker.invokeMethod(TestInvoker.java:598)
at org.testng.internal.TestInvoker.invokeTestMethod(TestInvoker.java:173)
at org.testng.internal.MethodRunner.runInSequence(MethodRunner.java:46)
at org.testng.internal.TestInvoker$MethodInvocationAgent.invoke(TestInvoker.java:824)
at org.testng.internal.TestInvoker.invokeTestMethods(TestInvoker.java:146)
at org.testng.internal.TestMethodWorker.invokeTestMethods(TestMethodWorker.java:146)
at org.testng.internal.TestMethodWorker.run(TestMethodWorker.java:128)
at java.base/java.util.concurrent.ThreadPoolExecutor.runWorker(ThreadPoolExecutor.java:1136)
at java.base/java.util.concurrent.ThreadPoolExecutor$Worker.run(ThreadPoolExecutor.java:635)
at java.base/java.lang.Thread.run(Thread.java:833)
]]>
            </full-stacktrace>
          </exception> <!-- org.openqa.selenium.NoSuchElementException -->
          <reporter-output>
          </reporter-output>
        </test-method> <!-- verifyMyGoalSetting -->
        <test-method is-config="true" signature="logOut(org.testng.ITestResult)[pri:0, instance:testPack.TNGVerifyLoginAndMyGoalSettingFunctionality@2c767a52]" started-at="2022-11-13T15:45:17 IST" name="logOut" finished-at="2022-11-13T15:45:23 IST" duration-ms="5902" status="PASS">
          <params>
            <param index="0">
              <value>
                <![CDATA[[TestResult name=verifyMyGoalSetting status=FAILURE method=TNGVerifyLoginAndMyGoalSettingFunctionality.verifyMyGoalSetting()[pri:0, instance:testPack.TNGVerifyLoginAndMyGoalSettingFunctionality@2c767a52] output={null}]]]>
              </value>
            </param>
          </params>
          <reporter-output>
          </reporter-output>
        </test-method> <!-- logOut -->
        <test-method is-config="true" signature="clearObjects()[pri:0, instance:testPack.TNGVerifyLoginAndMyGoalSettingFunctionality@2c767a52]" started-at="2022-11-13T15:45:23 IST" name="clearObjects" finished-at="2022-11-13T15:45:23 IST" duration-ms="2" status="PASS">
          <reporter-output>
          </reporter-output>
        </test-method> <!-- clearObjects -->
        <test-method is-config="true" signature="closeTheBrowser()[pri:0, instance:testPack.TNGVerifyLoginAndMyGoalSettingFunctionality@2c767a52]" started-at="2022-11-13T15:45:27 IST" name="closeTheBrowser" finished-at="2022-11-13T15:45:44 IST" duration-ms="16288" status="PASS">
          <reporter-output>
          </reporter-output>
        </test-method> <!-- closeTheBrowser -->
      </class> <!-- testPack.TNGVerifyLoginAndMyGoalSettingFunctionality -->
    </test> <!-- TestChrome -->
    <test started-at="2022-11-13T15:45:44 IST" name="TestEdge" finished-at="2022-11-13T15:46:31 IST" duration-ms="47258">
      <class name="testPack.TNGVerifyAddWorkSpaceAndSearchFunction">
        <test-method is-config="true" signature="launchTheBrowser(java.lang.String)[pri:0, instance:testPack.TNGVerifyAddWorkSpaceAndSearchFunction@4fb61f4a]" started-at="2022-11-13T15:45:44 IST" name="launchTheBrowser" finished-at="2022-11-13T15:45:47 IST" duration-ms="2905" status="PASS">
          <params>
            <param index="0">
              <value>
                <![CDATA[Edge]]>
              </value>
            </param>
          </params>
          <reporter-output>
          </reporter-output>
        </test-method> <!-- launchTheBrowser -->
        <test-method is-config="true" signature="createPOMObjects()[pri:0, instance:testPack.TNGVerifyAddWorkSpaceAndSearchFunction@4fb61f4a]" started-at="2022-11-13T15:45:50 IST" name="createPOMObjects" finished-at="2022-11-13T15:45:50 IST" duration-ms="2" status="PASS">
          <reporter-output>
          </reporter-output>
        </test-method> <!-- createPOMObjects -->
        <test-method is-config="true" signature="logIn()[pri:0, instance:testPack.TNGVerifyAddWorkSpaceAndSearchFunction@4fb61f4a]" started-at="2022-11-13T15:45:50 IST" name="logIn" finished-at="2022-11-13T15:45:57 IST" duration-ms="7137" status="PASS">
          <reporter-output>
          </reporter-output>
        </test-method> <!-- logIn -->
        <test-method signature="verifyAddWorkspace()[pri:0, instance:testPack.TNGVerifyAddWorkSpaceAndSearchFunction@4fb61f4a]" started-at="2022-11-13T15:45:57 IST" name="verifyAddWorkspace" finished-at="2022-11-13T15:46:09 IST" duration-ms="11927" status="PASS">
          <reporter-output>
          </reporter-output>
        </test-method> <!-- verifyAddWorkspace -->
        <test-method is-config="true" signature="logOut(org.testng.ITestResult)[pri:0, instance:testPack.TNGVerifyAddWorkSpaceAndSearchFunction@4fb61f4a]" started-at="2022-11-13T15:46:09 IST" name="logOut" finished-at="2022-11-13T15:46:12 IST" duration-ms="3211" status="PASS">
          <params>
            <param index="0">
              <value>
                <![CDATA[[TestResult name=verifyAddWorkspace status=SUCCESS method=TNGVerifyAddWorkSpaceAndSearchFunction.verifyAddWorkspace()[pri:0, instance:testPack.TNGVerifyAddWorkSpaceAndSearchFunction@4fb61f4a] output={null}]]]>
              </value>
            </param>
          </params>
          <reporter-output>
          </reporter-output>
        </test-method> <!-- logOut -->
        <test-method is-config="true" signature="logIn()[pri:0, instance:testPack.TNGVerifyAddWorkSpaceAndSearchFunction@4fb61f4a]" started-at="2022-11-13T15:46:12 IST" name="logIn" finished-at="2022-11-13T15:46:16 IST" duration-ms="4194" status="PASS">
          <reporter-output>
          </reporter-output>
        </test-method> <!-- logIn -->
        <test-method signature="verifySearchFunction()[pri:0, instance:testPack.TNGVerifyAddWorkSpaceAndSearchFunction@4fb61f4a]" started-at="2022-11-13T15:46:16 IST" name="verifySearchFunction" finished-at="2022-11-13T15:46:27 IST" duration-ms="11234" status="FAIL">
          <exception class="org.openqa.selenium.NoSuchElementException">
            <message>
              <![CDATA[no such element: Unable to locate element: {"method":"xpath","selector":"//input[@id='header-search-bar']"}
  (Session info: MicrosoftEdge=107.0.1418.42)
For documentation on this error, please visit: https://www.seleniumhq.org/exceptions/no_such_element.html
Build info: version: '3.141.59', revision: 'e82be7d358', time: '2018-11-14T08:17:03'
System info: host: 'DESKTOP-J3M6P33', ip: '192.168.0.103', os.name: 'Windows 11', os.arch: 'amd64', os.version: '10.0', java.version: '18.0.1'
Driver info: org.openqa.selenium.edge.EdgeDriver
Capabilities {acceptInsecureCerts: false, browserName: msedge, browserVersion: 107.0.1418.42, javascriptEnabled: true, ms:edgeOptions: {debuggerAddress: localhost:59840}, msedge: {msedgedriverVersion: 106.0.1370.52 (dc5b94d8835a..., userDataDir: C:\Users\Akshay Shelke\AppD...}, networkConnectionEnabled: false, pageLoadStrategy: normal, platform: WINDOWS, platformName: WINDOWS, proxy: Proxy(), setWindowRect: true, strictFileInteractability: false, timeouts: {implicit: 0, pageLoad: 300000, script: 30000}, unhandledPromptBehavior: dismiss and notify, webauthn:extension:credBlob: true, webauthn:extension:largeBlob: true, webauthn:virtualAuthenticators: true}
Session ID: b8ab10155d753af3f808954e86c13849
*** Element info: {Using=xpath, value=//input[@id='header-search-bar']}]]>
            </message>
            <full-stacktrace>
              <![CDATA[org.openqa.selenium.NoSuchElementException: no such element: Unable to locate element: {"method":"xpath","selector":"//input[@id='header-search-bar']"}
  (Session info: MicrosoftEdge=107.0.1418.42)
For documentation on this error, please visit: https://www.seleniumhq.org/exceptions/no_such_element.html
Build info: version: '3.141.59', revision: 'e82be7d358', time: '2018-11-14T08:17:03'
System info: host: 'DESKTOP-J3M6P33', ip: '192.168.0.103', os.name: 'Windows 11', os.arch: 'amd64', os.version: '10.0', java.version: '18.0.1'
Driver info: org.openqa.selenium.edge.EdgeDriver
Capabilities {acceptInsecureCerts: false, browserName: msedge, browserVersion: 107.0.1418.42, javascriptEnabled: true, ms:edgeOptions: {debuggerAddress: localhost:59840}, msedge: {msedgedriverVersion: 106.0.1370.52 (dc5b94d8835a..., userDataDir: C:\Users\Akshay Shelke\AppD...}, networkConnectionEnabled: false, pageLoadStrategy: normal, platform: WINDOWS, platformName: WINDOWS, proxy: Proxy(), setWindowRect: true, strictFileInteractability: false, timeouts: {implicit: 0, pageLoad: 300000, script: 30000}, unhandledPromptBehavior: dismiss and notify, webauthn:extension:credBlob: true, webauthn:extension:largeBlob: true, webauthn:virtualAuthenticators: true}
Session ID: b8ab10155d753af3f808954e86c13849
*** Element info: {Using=xpath, value=//input[@id='header-search-bar']}
at java.base/jdk.internal.reflect.DirectConstructorHandleAccessor.newInstance(DirectConstructorHandleAccessor.java:67)
at java.base/java.lang.reflect.Constructor.newInstanceWithCaller(Constructor.java:499)
at java.base/java.lang.reflect.Constructor.newInstance(Constructor.java:483)
at org.openqa.selenium.remote.http.W3CHttpResponseCodec.createException(W3CHttpResponseCodec.java:187)
at org.openqa.selenium.remote.http.W3CHttpResponseCodec.decode(W3CHttpResponseCodec.java:122)
at org.openqa.selenium.remote.http.W3CHttpResponseCodec.decode(W3CHttpResponseCodec.java:49)
at org.openqa.selenium.remote.HttpCommandExecutor.execute(HttpCommandExecutor.java:158)
at org.openqa.selenium.remote.service.DriverCommandExecutor.execute(DriverCommandExecutor.java:83)
at org.openqa.selenium.remote.RemoteWebDriver.execute(RemoteWebDriver.java:552)
at org.openqa.selenium.remote.RemoteWebDriver.findElement(RemoteWebDriver.java:323)
at org.openqa.selenium.remote.RemoteWebDriver.findElementByXPath(RemoteWebDriver.java:428)
at org.openqa.selenium.By$ByXPath.findElement(By.java:353)
at org.openqa.selenium.remote.RemoteWebDriver.findElement(RemoteWebDriver.java:315)
at org.openqa.selenium.support.pagefactory.DefaultElementLocator.findElement(DefaultElementLocator.java:69)
at org.openqa.selenium.support.pagefactory.internal.LocatingElementHandler.invoke(LocatingElementHandler.java:38)
at jdk.proxy2/jdk.proxy2.$Proxy17.sendKeys(Unknown Source)
at pages.HomePage.enterAndSubmitSearchBox(HomePage.java:54)
at testPack.TNGVerifyAddWorkSpaceAndSearchFunction.verifySearchFunction(TNGVerifyAddWorkSpaceAndSearchFunction.java:110)
at java.base/jdk.internal.reflect.DirectMethodHandleAccessor.invoke(DirectMethodHandleAccessor.java:104)
at java.base/java.lang.reflect.Method.invoke(Method.java:577)
at org.testng.internal.MethodInvocationHelper.invokeMethod(MethodInvocationHelper.java:133)
at org.testng.internal.TestInvoker.invokeMethod(TestInvoker.java:598)
at org.testng.internal.TestInvoker.invokeTestMethod(TestInvoker.java:173)
at org.testng.internal.MethodRunner.runInSequence(MethodRunner.java:46)
at org.testng.internal.TestInvoker$MethodInvocationAgent.invoke(TestInvoker.java:824)
at org.testng.internal.TestInvoker.invokeTestMethods(TestInvoker.java:146)
at org.testng.internal.TestMethodWorker.invokeTestMethods(TestMethodWorker.java:146)
at org.testng.internal.TestMethodWorker.run(TestMethodWorker.java:128)
at java.base/java.util.concurrent.ThreadPoolExecutor.runWorker(ThreadPoolExecutor.java:1136)
at java.base/java.util.concurrent.ThreadPoolExecutor$Worker.run(ThreadPoolExecutor.java:635)
at java.base/java.lang.Thread.run(Thread.java:833)
]]>
            </full-stacktrace>
          </exception> <!-- org.openqa.selenium.NoSuchElementException -->
          <reporter-output>
          </reporter-output>
        </test-method> <!-- verifySearchFunction -->
        <test-method is-config="true" signature="logOut(org.testng.ITestResult)[pri:0, instance:testPack.TNGVerifyAddWorkSpaceAndSearchFunction@4fb61f4a]" started-at="2022-11-13T15:46:27 IST" name="logOut" finished-at="2022-11-13T15:46:30 IST" duration-ms="2907" status="PASS">
          <params>
            <param index="0">
              <value>
                <![CDATA[[TestResult name=verifySearchFunction status=FAILURE method=TNGVerifyAddWorkSpaceAndSearchFunction.verifySearchFunction()[pri:0, instance:testPack.TNGVerifyAddWorkSpaceAndSearchFunction@4fb61f4a] output={null}]]]>
              </value>
            </param>
          </params>
          <reporter-output>
          </reporter-output>
        </test-method> <!-- logOut -->
        <test-method is-config="true" signature="clearObjects()[pri:0, instance:testPack.TNGVerifyAddWorkSpaceAndSearchFunction@4fb61f4a]" started-at="2022-11-13T15:46:30 IST" name="clearObjects" finished-at="2022-11-13T15:46:30 IST" duration-ms="1" status="PASS">
          <reporter-output>
          </reporter-output>
        </test-method> <!-- clearObjects -->
        <test-method is-config="true" signature="closeTheBrowser()[pri:0, instance:testPack.TNGVerifyAddWorkSpaceAndSearchFunction@4fb61f4a]" started-at="2022-11-13T15:46:30 IST" name="closeTheBrowser" finished-at="2022-11-13T15:46:31 IST" duration-ms="346" status="PASS">
          <reporter-output>
          </reporter-output>
        </test-method> <!-- closeTheBrowser -->
      </class> <!-- testPack.TNGVerifyAddWorkSpaceAndSearchFunction -->
      <class name="testPack.TNGVerifyLoginAndMyGoalSettingFunctionality">
        <test-method is-config="true" signature="launchTheBrowser(java.lang.String)[pri:0, instance:testPack.TNGVerifyLoginAndMyGoalSettingFunctionality@3e58a80e]" started-at="2022-11-13T15:45:47 IST" name="launchTheBrowser" finished-at="2022-11-13T15:45:50 IST" duration-ms="2966" status="PASS">
          <params>
            <param index="0">
              <value>
                <![CDATA[Edge]]>
              </value>
            </param>
          </params>
          <reporter-output>
          </reporter-output>
        </test-method> <!-- launchTheBrowser -->
        <test-method is-config="true" signature="createPOMObjects()[pri:0, instance:testPack.TNGVerifyLoginAndMyGoalSettingFunctionality@3e58a80e]" started-at="2022-11-13T15:45:50 IST" name="createPOMObjects" finished-at="2022-11-13T15:45:50 IST" duration-ms="3" status="PASS">
          <reporter-output>
          </reporter-output>
        </test-method> <!-- createPOMObjects -->
        <test-method is-config="true" signature="logIn()[pri:0, instance:testPack.TNGVerifyLoginAndMyGoalSettingFunctionality@3e58a80e]" started-at="2022-11-13T15:45:50 IST" name="logIn" finished-at="2022-11-13T15:45:55 IST" duration-ms="5446" status="PASS">
          <reporter-output>
          </reporter-output>
        </test-method> <!-- logIn -->
        <test-method signature="verifyLogin()[pri:0, instance:testPack.TNGVerifyLoginAndMyGoalSettingFunctionality@3e58a80e]" started-at="2022-11-13T15:45:55 IST" name="verifyLogin" finished-at="2022-11-13T15:45:55 IST" duration-ms="268" status="PASS">
          <reporter-output>
          </reporter-output>
        </test-method> <!-- verifyLogin -->
        <test-method is-config="true" signature="logOut(org.testng.ITestResult)[pri:0, instance:testPack.TNGVerifyLoginAndMyGoalSettingFunctionality@3e58a80e]" started-at="2022-11-13T15:45:55 IST" name="logOut" finished-at="2022-11-13T15:46:05 IST" duration-ms="9280" status="PASS">
          <params>
            <param index="0">
              <value>
                <![CDATA[[TestResult name=verifyLogin status=SUCCESS method=TNGVerifyLoginAndMyGoalSettingFunctionality.verifyLogin()[pri:0, instance:testPack.TNGVerifyLoginAndMyGoalSettingFunctionality@3e58a80e] output={null}]]]>
              </value>
            </param>
          </params>
          <reporter-output>
          </reporter-output>
        </test-method> <!-- logOut -->
        <test-method is-config="true" signature="logIn()[pri:0, instance:testPack.TNGVerifyLoginAndMyGoalSettingFunctionality@3e58a80e]" started-at="2022-11-13T15:46:05 IST" name="logIn" finished-at="2022-11-13T15:46:08 IST" duration-ms="3681" status="PASS">
          <reporter-output>
          </reporter-output>
        </test-method> <!-- logIn -->
        <test-method signature="verifyMyGoalSetting()[pri:0, instance:testPack.TNGVerifyLoginAndMyGoalSettingFunctionality@3e58a80e]" started-at="2022-11-13T15:46:08 IST" name="verifyMyGoalSetting" finished-at="2022-11-13T15:46:17 IST" duration-ms="8824" status="PASS">
          <reporter-output>
          </reporter-output>
        </test-method> <!-- verifyMyGoalSetting -->
        <test-method is-config="true" signature="logOut(org.testng.ITestResult)[pri:0, instance:testPack.TNGVerifyLoginAndMyGoalSettingFunctionality@3e58a80e]" started-at="2022-11-13T15:46:17 IST" name="logOut" finished-at="2022-11-13T15:46:20 IST" duration-ms="2604" status="PASS">
          <params>
            <param index="0">
              <value>
                <![CDATA[[TestResult name=verifyMyGoalSetting status=SUCCESS method=TNGVerifyLoginAndMyGoalSettingFunctionality.verifyMyGoalSetting()[pri:0, instance:testPack.TNGVerifyLoginAndMyGoalSettingFunctionality@3e58a80e] output={null}]]]>
              </value>
            </param>
          </params>
          <reporter-output>
          </reporter-output>
        </test-method> <!-- logOut -->
        <test-method is-config="true" signature="clearObjects()[pri:0, instance:testPack.TNGVerifyLoginAndMyGoalSettingFunctionality@3e58a80e]" started-at="2022-11-13T15:46:20 IST" name="clearObjects" finished-at="2022-11-13T15:46:20 IST" duration-ms="1" status="PASS">
          <reporter-output>
          </reporter-output>
        </test-method> <!-- clearObjects -->
        <test-method is-config="true" signature="closeTheBrowser()[pri:0, instance:testPack.TNGVerifyLoginAndMyGoalSettingFunctionality@3e58a80e]" started-at="2022-11-13T15:46:31 IST" name="closeTheBrowser" finished-at="2022-11-13T15:46:31 IST" duration-ms="410" status="PASS">
          <reporter-output>
          </reporter-output>
        </test-method> <!-- closeTheBrowser -->
      </class> <!-- testPack.TNGVerifyLoginAndMyGoalSettingFunctionality -->
    </test> <!-- TestEdge -->
  </suite> <!-- CodeCademy Suite -->
</testng-results>
